( Identificator, e12)
( Constanta String, "*/////////////*")
( Operator, *)
( Operator, /)
( Constanta String, "/*lkjlkj'e'")
( Constanta String, "/*")
( Operator, *)
( Operator, /)
( Constanta String, "\
	\
")
( Operator, /)
( Operator, *)
( Operator, *)
( Operator, /)
( Cuvant cheie, void)
( Identificator, main)
( Separator, ()
( Cuvant cheie, int)
( Identificator, argc)
( Separator, ,)
( Cuvant cheie, char)
( Operator, *)
( Identificator, argv)
( Separator, [)
( Separator, ])
( Separator, ))
( Separator, {)
( Constanta String, "12e-25")
( Cuvant cheie, if)
( Separator, ()
( Separator, ()
( Identificator, e12)
( Operator, .)
( Identificator, f)
( Operator, ++)
( Operator, +=)
( Constanta Flotanta, 13e-3)
( Operator, <<=)
( Constanta Flotanta, 12.3e-12)
( Operator, +)
( Operator, *)
( Identificator, ab12)
( Operator, .)
( Identificator, ef)
( Separator, ))
( Operator, &&)
( Identificator, qwe)
( Operator, .)
( Identificator, f)
( Operator, .)
( Identificator, e)
( Operator, /)
( Operator, *)
( Identificator, f)
( Operator, ++)
( Operator, ++)
( Operator, +)
( Identificator, g)
( Separator, ))
( Separator, {)
( Separator, ;)
( Separator, })
( Constanta Caracter, '0')
( Separator, ;)
( Identificator, f)
( Separator, ()
( Separator, ))
( Separator, ;)
( Constanta String, "ana\
are\
mere")
( Cuvant cheie, return)
( Constanta Intreaga, 0)
( Separator, ;)
( Separator, })
( Constanta String, "as")
